 C    18 G   D    25 G  HW_cis    0.8586
 B    12 G   C    19 G  HW_cis    0.6368
 B    13 G   C    20 G  HW_cis      0.89
 B    10 A   C    17 A  HW_cis    0.7796
 B    11 G   C    18 G  WH_cis    0.6975
 A     3 A   B    10 A  WH_cis    0.6322
 A     3 A   D    24 A  WH_cis    0.7657
 A     5 G   B    12 G  WH_cis    0.6068
 A     5 G   D    26 G  WH_cis    0.8005
 A     4 G   D    25 G  WH_cis    0.7843
 A     6 G   B    13 G  WH_cis      0.81
 A     6 G   D    27 G  WH_cis    0.8104
 C    20 G   D    27 G  HW_cis     0.704
 C    19 G   D    26 G  HH_cis    0.9016
 C    18 G   C    19 G  >>        0.9168
 C    18 G   D    26 G  >>        0.6764
 B    12 G   B    13 G  >>        0.9013
 B    10 A   B    11 G  >>        0.7908
 A     3 A   A     4 G  >>        0.9748
 A     5 G   A     6 G  >>        0.8627
 D    25 G   D    26 G  >>        0.8944
 B    13 G   B    14 U  <<        0.8471
 B    11 G   B    12 G  <<        0.9587
 C    17 A   C    18 G  <<        0.9568
 C    16 U   C    17 A  <<        0.9697
 A     4 G   A     5 G  <<        0.9318
 A     6 G   D    26 G  <>        0.9872
 D    24 A   D    25 G  <<        0.9836
 D    26 G   D    27 G  <<        0.9763
 C    19 G   C    20 G  <<         0.883
 B     9 U   B    10 A  <<        0.7557
