 A     1 G   A    96 C     WW_cis    0.9135
 A     2 G   A    95 C     WW_cis    0.9316
 A     3 C   A    94 G     WW_cis    0.7057
 A     4 A   A    93 U     WW_cis    0.9355
 A     5 A   A    92 U     WW_cis    0.9436
 A     6 A   A    91 U     WW_cis    0.7511
 A     7 C   A    90 G     WW_cis    0.8979
 A     8 G   A    89 C     WW_cis    0.8625
 A    13 A   A    29 U     WW_cis    0.8703
 A    14 A   A    64 U     WW_cis    0.8121
 A    15 C   A    63 G     WW_cis    0.7639
 A    16 A   A    32 U     WW_cis    0.7752
 A    17 C   A    31 G     WW_cis    0.9082
 A    19 A   A    38 U     WW_cis    0.9132
 A    20 U   A    37 A     WW_cis    0.9405
 A    21 U   A    36 A     WW_cis    0.9402
 A    22 G   A    35 C     WW_cis    0.9475
 A    23 G   A    34 C     WW_cis    0.9332
 A    24 G   A    33 C     WW_cis    0.7993
 A    27 G   A    86 C     WW_cis    0.9648
 A    28 G   A    85 C     WW_cis    0.9378
 A    39 G   A    60 U     WW_cis    0.8337
 A    40 C   A    59 G     WW_cis    0.9118
 A    41 A   A    58 U     WW_cis    0.8829
 A    42 G   A    57 C     WW_cis    0.9152
 A    43 U   A    56 A     WW_cis    0.9009
 A    44 U   A    55 A     WW_cis    0.9099
 A    45 G   A    54 C     WW_cis    0.9202
 A    46 A   A    53 U     WW_cis    0.9514
 A    47 G   A    52 C     WW_cis    0.9130
 A    69 U   A   114 A     WW_cis    0.8837
 A    70 U   A   113 G     WW_cis    0.7359
 A    71 C   A   112 G     WW_cis    0.9337
 A    72 C   A   111 G     WW_cis    0.8336
 A    73 U   A   110 A     WW_cis    0.8372
 A    74 C   A   109 G     WW_cis    0.8863
 A    75 C   A   108 G     WW_cis    0.8185
 A     9 U   A    88 U     WW_cis    0.8428
 A    12 A   A    28 G    SS_tran    0.9754
 A    68 C   A   115 A     WW_cis    0.5671
 A    98 U   A   101 A    WH_tran    0.8371
 A   101 A   A   104 U    WW_tran    0.7031
 A     1 G   A     2 G         >>    0.9901
 A     1 G   A    97 A         ><    0.9028
 A     1 G   A    97 A         <>    0.9597
 A     2 G   A     3 C         >>    0.9901
 A     2 G   A    96 C         ><    0.9133
 A     2 G   A    96 C         <>    0.9648
 A     3 C   A     4 A         >>    0.8322
 A     4 A   A     5 A         >>    0.9862
 A     4 A   A    94 G         ><    0.9555
 A     4 A   A    94 G         <>    0.9587
 A     5 A   A     6 A         >>    0.9552
 A     6 A   A     7 C         >>    0.9860
 A     6 A   A    92 U         <>    0.9298
 A     6 A   A    92 U         ><    0.9432
 A     7 C   A     8 G         >>    0.9473
 A     8 G   A     9 U         >>    0.9933
 A     8 G   A    90 G         <>    0.9509
 A     8 G   A    90 G         ><    0.9588
 A     9 U   A    10 A         >>    0.9095
 A    10 A   A    11 A         >>    0.9764
 A    10 A   A    88 U         <>    0.8642
 A    10 A   A    88 U         ><    0.9342
 A    11 A   A    12 A         >>    0.9702
 A    13 A   A    30 A         <>    0.6955
 A    13 A   A    30 A         ><    0.9104
 A    13 A   A    85 C         >>    0.9315
 A    14 A   A    15 C         >>    0.9589
 A    15 C   A    16 A         >>    0.9611
 A    16 A   A    17 C         >>    0.9829
 A    17 C   A    18 A         >>    0.9489
 A    18 A   A    31 G         <>    0.6101
 A    18 A   A    31 G         ><    0.8646
 A    19 A   A    20 U         >>    0.9820
 A    19 A   A    39 G         <>    0.9697
 A    19 A   A    39 G         ><    0.9869
 A    20 U   A    21 U         >>    0.9834
 A    21 U   A    22 G         >>    0.9747
 A    21 U   A    37 A         <>    0.6163
 A    22 G   A    23 G         >>    0.9854
 A    22 G   A    36 A         ><    0.9713
 A    22 G   A    36 A         <>    0.9747
 A    23 G   A    24 G         >>    0.9920
 A    23 G   A    35 C         ><    0.6909
 A    24 G   A    25 U         >>    0.9885
 A    24 G   A    34 C         ><    0.7459
 A    25 U   A    26 U         >>    0.9422
 A    27 G   A    28 G         >>    0.9947
 A    27 G   A    87 G         <>    0.6448
 A    28 G   A    29 U         >>    0.9744
 A    28 G   A    86 C         <>    0.9627
 A    28 G   A    86 C         ><    0.9767
 A    29 U   A    30 A         >>    0.9775
 A    30 A   A    33 C         >>    0.9703
 A    31 G   A    32 U         >>    0.9867
 A    33 C   A    34 C         >>    0.8948
 A    34 C   A    35 C         >>    0.9663
 A    35 C   A    36 A         >>    0.9458
 A    36 A   A    37 A         >>    0.9890
 A    37 A   A    38 U         >>    0.9878
 A    38 U   A    39 G         >>    0.9420
 A    39 G   A    40 C         >>    0.9868
 A    40 C   A    41 A         >>    0.6540
 A    41 A   A    42 G         >>    0.9915
 A    41 A   A    59 G         <>    0.9435
 A    41 A   A    59 G         ><    0.9921
 A    42 G   A    43 U         >>    0.9862
 A    42 G   A    58 U         ><    0.9026
 A    42 G   A    58 U         <>    0.9276
 A    43 U   A    44 U         >>    0.9805
 A    44 U   A    45 G         >>    0.6450
 A    45 G   A    46 A         >>    0.9767
 A    45 G   A    55 A         ><    0.9712
 A    45 G   A    55 A         <>    0.9804
 A    46 A   A    47 G         >>    0.9967
 A    47 G   A    48 G         >>    0.9899
 A    47 G   A    53 U         ><    0.8844
 A    49 A   A    50 A         >>    0.9798
 A    53 U   A    54 C         >>    0.9788
 A    54 C   A    55 A         >>    0.8913
 A    55 A   A    56 A         >>    0.9762
 A    56 A   A    57 C         >>    0.9893
 A    57 C   A    58 U         >>    0.9635
 A    58 U   A    59 G         >>    0.9352
 A    59 G   A    60 U         >>    0.9940
 A    62 A   A    63 G         >>    0.9841
 A    63 G   A    64 U         >>    0.9934
 A    66 A   A    67 C         >>    0.9955
 A    67 C   A    68 C         >>    0.8429
 A    68 C   A    69 U         >>    0.9461
 A    69 U   A    70 U         >>    0.9441
 A    69 U   A   115 A         <>    0.7265
 A    70 U   A    71 C         >>    0.9764
 A    70 U   A   114 A         <>    0.7942
 A    71 C   A    72 C         >>    0.9380
 A    72 C   A   112 G         <>    0.6700
 A    73 U   A    74 C         >>    0.9278
 A    73 U   A   111 G         <>    0.6574
 A    74 C   A    75 C         >>    0.8326
 A    75 C   A    76 U         ><    0.8814
 A    75 C   A    76 U         <>    0.9177
 A    75 C   A   109 G         <>    0.6063
 A    77 C   A    78 A         >>    0.8499
 A    78 A   A    79 U         >>    0.9311
 A    78 A   A   106 G         <<    0.9490
 A    79 U   A    80 C         >>    0.9792
 A    80 C   A    81 U         >>    0.9620
 A    81 U   A    82 C         >>    0.9639
 A    86 C   A    87 G         >>    0.9593
 A    88 U   A    89 C         >>    0.9506
 A    89 C   A    90 G         >>    0.9079
 A    90 G   A    91 U         >>    0.9949
 A    91 U   A    92 U         >>    0.9667
 A    92 U   A    93 U         >>    0.9930
 A    93 U   A    94 G         >>    0.6586
 A    94 G   A    95 C         >>    0.9921
 A    95 C   A    96 C         >>    0.9004
 A    96 C   A    97 A         >>    0.7492
 A    97 A   A    98 U         >>    0.9780
 A    99 A   A   105 A         >>    0.9526
 A   100 A   A   101 A         >>    0.9390
 A   102 U   A   103 C         >>    0.9039
 A   107 A   A   108 G         >>    0.9784
 A   108 G   A   109 G         >>    0.9755
 A   109 G   A   110 A         >>    0.9687
 A   110 A   A   111 G         >>    0.9787
 A   111 G   A   112 G         >>    0.9843
 A   112 G   A   113 G         >>    0.9923
 A   113 G   A   114 A         >>    0.9815
 A   114 A   A   115 A         >>    0.9803
